<?xml version="1.0" encoding="utf-8"?><testsuites name="pytest tests"><testsuite name="pytest" errors="0" failures="0" skipped="0" tests="23" time="2.374" timestamp="2026-03-16T12:57:14.773001+00:00" hostname="agent-env-18afe59a-7d05-42d6-9617-35bc08f4576b"><testcase classname="backend.tests.test_user_management.TestHealthAndAuth" name="test_api_health" time="0.191" /><testcase classname="backend.tests.test_user_management.TestHealthAndAuth" name="test_super_admin_login" time="0.057" /><testcase classname="backend.tests.test_user_management.TestUserManagement" name="test_get_users_list" time="0.123" /><testcase classname="backend.tests.test_user_management.TestUserManagement" name="test_add_member" time="0.094" /><testcase classname="backend.tests.test_user_management.TestUserManagement" name="test_update_user" time="0.108" /><testcase classname="backend.tests.test_user_management.TestUserManagement" name="test_update_user_not_found" time="0.049" /><testcase classname="backend.tests.test_user_management.TestUserManagement" name="test_toggle_user_status" time="0.101" /><testcase classname="backend.tests.test_user_management.TestUserManagement" name="test_toggle_status_not_found" time="0.054" /><testcase classname="backend.tests.test_user_management.TestUserManagement" name="test_promote_user" time="0.111" /><testcase classname="backend.tests.test_user_management.TestBulkUserActions" name="test_create_test_users_for_bulk" time="0.114" /><testcase classname="backend.tests.test_user_management.TestBulkUserActions" name="test_bulk_disable_users" time="0.052" /><testcase classname="backend.tests.test_user_management.TestBulkUserActions" name="test_bulk_enable_users" time="0.064" /><testcase classname="backend.tests.test_user_management.TestBulkUserActions" name="test_bulk_action_empty_list" time="0.077" /><testcase classname="backend.tests.test_user_management.TestDisabledUserLogin" name="test_disabled_user_cannot_login" time="0.233" /><testcase classname="backend.tests.test_user_management.TestBulkFeeApprovals" name="test_get_pending_fee_submissions" time="0.064" /><testcase classname="backend.tests.test_user_management.TestBulkFeeApprovals" name="test_bulk_approve_fees_empty" time="0.049" /><testcase classname="backend.tests.test_user_management.TestBulkFeeApprovals" name="test_bulk_approve_fees_structure" time="0.140" /><testcase classname="backend.tests.test_user_management.TestBulkAllocationApprovals" name="test_get_pending_allocations" time="0.068" /><testcase classname="backend.tests.test_user_management.TestBulkAllocationApprovals" name="test_bulk_approve_allocations_empty" time="0.051" /><testcase classname="backend.tests.test_user_management.TestBulkAllocationApprovals" name="test_bulk_approve_allocations_structure" time="0.112" /><testcase classname="backend.tests.test_user_management.TestDeleteUser" name="test_delete_user" time="0.125" /><testcase classname="backend.tests.test_user_management.TestDeleteUser" name="test_delete_user_not_found" time="0.049" /><testcase classname="backend.tests.test_user_management.TestCleanup" name="test_cleanup_test_users" time="0.166" /></testsuite></testsuites>